Flow report for my_first_fpga
Wed Apr 08 14:23:37 2020
Quartus II 64-Bit Version 13.1.0 Build 162 10/23/2013 SJ Full Version


---------------------
; Table of Contents ;
---------------------
  1. Legal Notice
  2. Flow Summary
  3. Flow Settings
  4. Flow Non-Default Global Settings
  5. Flow Elapsed Time
  6. Flow OS Summary
  7. Flow Log
  8. Flow Messages
  9. Flow Suppressed Messages



----------------
; Legal Notice ;
----------------
Copyright (C) 1991-2013 Altera Corporation
Your use of Altera Corporation's design tools, logic functions 
and other software and tools, and its AMPP partner logic 
functions, and any output files from any of the foregoing 
(including device programming or simulation files), and any 
associated documentation or information are expressly subject 
to the terms and conditions of the Altera Program License 
Subscription Agreement, Altera MegaCore Function License 
Agreement, or other applicable license agreement, including, 
without limitation, that your use is for the sole purpose of 
programming logic devices manufactured by Altera and sold by 
Altera or its authorized distributors.  Please refer to the 
applicable agreement for further details.



+----------------------------------------------------------------------------------+
; Flow Summary                                                                     ;
+------------------------------------+---------------------------------------------+
; Flow Status                        ; Successful - Wed Apr 08 14:23:37 2020       ;
; Quartus II 64-Bit Version          ; 13.1.0 Build 162 10/23/2013 SJ Full Version ;
; Revision Name                      ; my_first_fpga                               ;
; Top-level Entity Name              ; my_first_fpga                               ;
; Family                             ; Cyclone IV E                                ;
; Device                             ; EP4CE115F29C7                               ;
; Timing Models                      ; Final                                       ;
; Total logic elements               ; 31 / 114,480 ( < 1 % )                      ;
;     Total combinational functions  ; 31 / 114,480 ( < 1 % )                      ;
;     Dedicated logic registers      ; 27 / 114,480 ( < 1 % )                      ;
; Total registers                    ; 27                                          ;
; Total pins                         ; 6 / 529 ( 1 % )                             ;
; Total virtual pins                 ; 0                                           ;
; Total memory bits                  ; 0 / 3,981,312 ( 0 % )                       ;
; Embedded Multiplier 9-bit elements ; 0 / 532 ( 0 % )                             ;
; Total PLLs                         ; 1 / 4 ( 25 % )                              ;
+------------------------------------+---------------------------------------------+


+-----------------------------------------+
; Flow Settings                           ;
+-------------------+---------------------+
; Option            ; Setting             ;
+-------------------+---------------------+
; Start date & time ; 04/08/2020 13:45:16 ;
; Main task         ; Compilation         ;
; Revision Name     ; my_first_fpga       ;
+-------------------+---------------------+


+------------------------------------------------------------------------------------------------------------------+
; Flow Non-Default Global Settings                                                                                 ;
+-------------------------------------+---------------------------------+---------------+-------------+------------+
; Assignment Name                     ; Value                           ; Default Value ; Entity Name ; Section Id ;
+-------------------------------------+---------------------------------+---------------+-------------+------------+
; COMPILER_SIGNATURE_ID               ; 207273071440834.158632471618372 ; --            ; --          ; --         ;
; IP_TOOL_NAME                        ; ALTPLL                          ; --            ; --          ; --         ;
; IP_TOOL_NAME                        ; LPM_MUX                         ; --            ; --          ; --         ;
; IP_TOOL_VERSION                     ; 13.1                            ; --            ; --          ; --         ;
; IP_TOOL_VERSION                     ; 13.1                            ; --            ; --          ; --         ;
; MAX_CORE_JUNCTION_TEMP              ; 85                              ; --            ; --          ; --         ;
; MIN_CORE_JUNCTION_TEMP              ; 0                               ; --            ; --          ; --         ;
; MISC_FILE                           ; pll.bsf                         ; --            ; --          ; --         ;
; MISC_FILE                           ; pll.ppf                         ; --            ; --          ; --         ;
; MISC_FILE                           ; counter_bus_mux.bsf             ; --            ; --          ; --         ;
; MISC_FILE                           ; counter_bus_mux_bb.v            ; --            ; --          ; --         ;
; NOMINAL_CORE_SUPPLY_VOLTAGE         ; 1.2V                            ; --            ; --          ; --         ;
; PARTITION_COLOR                     ; 16764057                        ; --            ; --          ; Top        ;
; PARTITION_FITTER_PRESERVATION_LEVEL ; PLACEMENT_AND_ROUTING           ; --            ; --          ; Top        ;
; PARTITION_NETLIST_TYPE              ; SOURCE                          ; --            ; --          ; Top        ;
; PROJECT_OUTPUT_DIRECTORY            ; output_files                    ; --            ; --          ; --         ;
+-------------------------------------+---------------------------------+---------------+-------------+------------+


+-------------------------------------------------------------------------------------------------------------------------------+
; Flow Elapsed Time                                                                                                             ;
+---------------------------+--------------+-------------------------+---------------------+------------------------------------+
; Module Name               ; Elapsed Time ; Average Processors Used ; Peak Virtual Memory ; Total CPU Time (on all processors) ;
+---------------------------+--------------+-------------------------+---------------------+------------------------------------+
; Analysis & Synthesis      ; 00:00:04     ; 1.0                     ; 4653 MB             ; 00:00:03                           ;
; Fitter                    ; 00:00:26     ; 1.3                     ; 5386 MB             ; 00:00:28                           ;
; Assembler                 ; 00:00:07     ; 1.0                     ; 4618 MB             ; 00:00:06                           ;
; TimeQuest Timing Analyzer ; 00:00:05     ; 1.0                     ; 4736 MB             ; 00:00:04                           ;
; EDA Netlist Writer        ; 00:00:01     ; 1.0                     ; 4584 MB             ; 00:00:01                           ;
; EDA Netlist Writer        ; 00:00:02     ; 1.0                     ; 4584 MB             ; 00:00:01                           ;
; EDA Netlist Writer        ; 00:00:01     ; 1.0                     ; 4584 MB             ; 00:00:01                           ;
; EDA Netlist Writer        ; 00:00:01     ; 1.0                     ; 4584 MB             ; 00:00:01                           ;
; EDA Netlist Writer        ; 00:00:01     ; 1.0                     ; 4584 MB             ; 00:00:01                           ;
; EDA Netlist Writer        ; 00:00:01     ; 1.0                     ; 4584 MB             ; 00:00:01                           ;
; EDA Netlist Writer        ; 00:00:01     ; 1.0                     ; 4584 MB             ; 00:00:01                           ;
; EDA Netlist Writer        ; 00:00:01     ; 1.0                     ; 4584 MB             ; 00:00:01                           ;
; EDA Netlist Writer        ; 00:00:01     ; 1.0                     ; 4585 MB             ; 00:00:01                           ;
; EDA Netlist Writer        ; 00:00:00     ; 1.0                     ; 4584 MB             ; 00:00:01                           ;
; EDA Netlist Writer        ; 00:00:00     ; 1.0                     ; 4584 MB             ; 00:00:01                           ;
; EDA Netlist Writer        ; 00:00:01     ; 1.0                     ; 4584 MB             ; 00:00:01                           ;
; EDA Netlist Writer        ; 00:00:01     ; 1.0                     ; 4584 MB             ; 00:00:01                           ;
; EDA Netlist Writer        ; 00:00:01     ; 1.0                     ; 4584 MB             ; 00:00:01                           ;
; EDA Netlist Writer        ; 00:00:01     ; 1.0                     ; 4584 MB             ; 00:00:01                           ;
; EDA Netlist Writer        ; 00:00:01     ; 1.0                     ; 4584 MB             ; 00:00:01                           ;
; EDA Netlist Writer        ; 00:00:01     ; 1.0                     ; 4584 MB             ; 00:00:01                           ;
; EDA Netlist Writer        ; 00:00:02     ; 1.0                     ; 4584 MB             ; 00:00:01                           ;
; EDA Netlist Writer        ; 00:00:01     ; 1.0                     ; 4584 MB             ; 00:00:01                           ;
; EDA Netlist Writer        ; 00:00:01     ; 1.0                     ; 4584 MB             ; 00:00:01                           ;
; EDA Netlist Writer        ; 00:00:01     ; 1.0                     ; 4585 MB             ; 00:00:01                           ;
; EDA Netlist Writer        ; 00:00:01     ; 1.0                     ; 4584 MB             ; 00:00:01                           ;
; EDA Netlist Writer        ; 00:00:01     ; 1.0                     ; 4584 MB             ; 00:00:01                           ;
; EDA Netlist Writer        ; 00:00:01     ; 1.0                     ; 4584 MB             ; 00:00:01                           ;
; EDA Netlist Writer        ; 00:00:01     ; 1.0                     ; 4584 MB             ; 00:00:01                           ;
; EDA Netlist Writer        ; 00:00:01     ; 1.0                     ; 4584 MB             ; 00:00:01                           ;
; EDA Netlist Writer        ; 00:00:01     ; 1.0                     ; 4584 MB             ; 00:00:01                           ;
; Total                     ; 00:01:09     ; --                      ; --                  ; 00:01:08                           ;
+---------------------------+--------------+-------------------------+---------------------+------------------------------------+


+----------------------------------------------------------------------------------------+
; Flow OS Summary                                                                        ;
+---------------------------+------------------+-----------+------------+----------------+
; Module Name               ; Machine Hostname ; OS Name   ; OS Version ; Processor type ;
+---------------------------+------------------+-----------+------------+----------------+
; Analysis & Synthesis      ; DESKTOP-2U71NLF  ; Windows 7 ; 6.2        ; x86_64         ;
; Fitter                    ; DESKTOP-2U71NLF  ; Windows 7 ; 6.2        ; x86_64         ;
; Assembler                 ; DESKTOP-2U71NLF  ; Windows 7 ; 6.2        ; x86_64         ;
; TimeQuest Timing Analyzer ; DESKTOP-2U71NLF  ; Windows 7 ; 6.2        ; x86_64         ;
; EDA Netlist Writer        ; DESKTOP-2U71NLF  ; Windows 7 ; 6.2        ; x86_64         ;
; EDA Netlist Writer        ; DESKTOP-2U71NLF  ; Windows 7 ; 6.2        ; x86_64         ;
; EDA Netlist Writer        ; DESKTOP-2U71NLF  ; Windows 7 ; 6.2        ; x86_64         ;
; EDA Netlist Writer        ; DESKTOP-2U71NLF  ; Windows 7 ; 6.2        ; x86_64         ;
; EDA Netlist Writer        ; DESKTOP-2U71NLF  ; Windows 7 ; 6.2        ; x86_64         ;
; EDA Netlist Writer        ; DESKTOP-2U71NLF  ; Windows 7 ; 6.2        ; x86_64         ;
; EDA Netlist Writer        ; DESKTOP-2U71NLF  ; Windows 7 ; 6.2        ; x86_64         ;
; EDA Netlist Writer        ; DESKTOP-2U71NLF  ; Windows 7 ; 6.2        ; x86_64         ;
; EDA Netlist Writer        ; DESKTOP-2U71NLF  ; Windows 7 ; 6.2        ; x86_64         ;
; EDA Netlist Writer        ; DESKTOP-2U71NLF  ; Windows 7 ; 6.2        ; x86_64         ;
; EDA Netlist Writer        ; DESKTOP-2U71NLF  ; Windows 7 ; 6.2        ; x86_64         ;
; EDA Netlist Writer        ; DESKTOP-2U71NLF  ; Windows 7 ; 6.2        ; x86_64         ;
; EDA Netlist Writer        ; DESKTOP-2U71NLF  ; Windows 7 ; 6.2        ; x86_64         ;
; EDA Netlist Writer        ; DESKTOP-2U71NLF  ; Windows 7 ; 6.2        ; x86_64         ;
; EDA Netlist Writer        ; DESKTOP-2U71NLF  ; Windows 7 ; 6.2        ; x86_64         ;
; EDA Netlist Writer        ; DESKTOP-2U71NLF  ; Windows 7 ; 6.2        ; x86_64         ;
; EDA Netlist Writer        ; DESKTOP-2U71NLF  ; Windows 7 ; 6.2        ; x86_64         ;
; EDA Netlist Writer        ; DESKTOP-2U71NLF  ; Windows 7 ; 6.2        ; x86_64         ;
; EDA Netlist Writer        ; DESKTOP-2U71NLF  ; Windows 7 ; 6.2        ; x86_64         ;
; EDA Netlist Writer        ; DESKTOP-2U71NLF  ; Windows 7 ; 6.2        ; x86_64         ;
; EDA Netlist Writer        ; DESKTOP-2U71NLF  ; Windows 7 ; 6.2        ; x86_64         ;
; EDA Netlist Writer        ; DESKTOP-2U71NLF  ; Windows 7 ; 6.2        ; x86_64         ;
; EDA Netlist Writer        ; DESKTOP-2U71NLF  ; Windows 7 ; 6.2        ; x86_64         ;
; EDA Netlist Writer        ; DESKTOP-2U71NLF  ; Windows 7 ; 6.2        ; x86_64         ;
; EDA Netlist Writer        ; DESKTOP-2U71NLF  ; Windows 7 ; 6.2        ; x86_64         ;
; EDA Netlist Writer        ; DESKTOP-2U71NLF  ; Windows 7 ; 6.2        ; x86_64         ;
; EDA Netlist Writer        ; DESKTOP-2U71NLF  ; Windows 7 ; 6.2        ; x86_64         ;
+---------------------------+------------------+-----------+------------+----------------+


------------
; Flow Log ;
------------
quartus_map --read_settings_files=on --write_settings_files=off my_first_fpga -c my_first_fpga
quartus_fit --read_settings_files=off --write_settings_files=off my_first_fpga -c my_first_fpga
quartus_asm --read_settings_files=off --write_settings_files=off my_first_fpga -c my_first_fpga
quartus_sta my_first_fpga -c my_first_fpga
quartus_eda --read_settings_files=on --write_settings_files=off my_first_fpga -c my_first_fpga
quartus_eda --gen_testbench --check_outputs=on --tool=modelsim_oem --format=verilog my_first_fpga -c my_first_fpga --vector_source=C:/Users/94718/Desktop/FPGA_EDA_one/Waveform.vwf --testbench_file=C:/Users/94718/Desktop/FPGA_EDA_one/simulation/qsim/Waveform.vwf.vt
quartus_eda --functional=on --flatten_buses=off --simulation=on --tool=modelsim_oem --format=verilog --output_directory=C:/Users/94718/Desktop/FPGA_EDA_one/simulation/qsim/ my_first_fpga -c my_first_fpga
quartus_eda --gen_testbench --check_outputs=on --tool=modelsim_oem --format=verilog my_first_fpga -c my_first_fpga --vector_source=C:/Users/94718/Desktop/FPGA_EDA_one/Waveform.vwf --testbench_file=C:/Users/94718/Desktop/FPGA_EDA_one/simulation/qsim/Waveform.vwf.vt
quartus_eda --functional=on --flatten_buses=off --simulation=on --tool=modelsim_oem --format=verilog --output_directory=C:/Users/94718/Desktop/FPGA_EDA_one/simulation/qsim/ my_first_fpga -c my_first_fpga
quartus_eda --gen_testbench --check_outputs=on --tool=modelsim_oem --format=verilog my_first_fpga -c my_first_fpga --vector_source=C:/Users/94718/Desktop/FPGA_EDA_one/Waveform1.vwf --testbench_file=C:/Users/94718/Desktop/FPGA_EDA_one/simulation/qsim/Waveform1.vwf.vt
quartus_eda --functional=on --flatten_buses=off --simulation=on --tool=modelsim_oem --format=verilog --output_directory=C:/Users/94718/Desktop/FPGA_EDA_one/simulation/qsim/ my_first_fpga -c my_first_fpga
quartus_eda --gen_testbench --check_outputs=on --tool=modelsim_oem --format=verilog my_first_fpga -c my_first_fpga --vector_source=C:/Users/94718/Desktop/FPGA_EDA_one/Waveform1.vwf --testbench_file=C:/Users/94718/Desktop/FPGA_EDA_one/simulation/qsim/Waveform1.vwf.vt
quartus_eda --functional=on --flatten_buses=off --simulation=on --tool=modelsim_oem --format=verilog --output_directory=C:/Users/94718/Desktop/FPGA_EDA_one/simulation/qsim/ my_first_fpga -c my_first_fpga
quartus_eda --gen_testbench --check_outputs=on --tool=modelsim_oem --format=verilog my_first_fpga -c my_first_fpga --vector_source=C:/Users/94718/Desktop/FPGA_EDA_one/Waveform1.vwf --testbench_file=C:/Users/94718/Desktop/FPGA_EDA_one/simulation/qsim/Waveform1.vwf.vt
quartus_eda --functional=on --flatten_buses=off --simulation=on --tool=modelsim_oem --format=verilog --output_directory=C:/Users/94718/Desktop/FPGA_EDA_one/simulation/qsim/ my_first_fpga -c my_first_fpga
quartus_eda --gen_testbench --check_outputs=on --tool=modelsim_oem --format=verilog my_first_fpga -c my_first_fpga --vector_source=C:/Users/94718/Desktop/FPGA_EDA_one/Waveform1.vwf --testbench_file=C:/Users/94718/Desktop/FPGA_EDA_one/simulation/qsim/Waveform1.vwf.vt
quartus_eda --functional=on --flatten_buses=off --simulation=on --tool=modelsim_oem --format=verilog --output_directory=C:/Users/94718/Desktop/FPGA_EDA_one/simulation/qsim/ my_first_fpga -c my_first_fpga
quartus_eda --gen_testbench --check_outputs=on --tool=modelsim_oem --format=verilog my_first_fpga -c my_first_fpga --vector_source=C:/Users/94718/Desktop/FPGA_EDA_one/Waveform1.vwf --testbench_file=C:/Users/94718/Desktop/FPGA_EDA_one/simulation/qsim/Waveform1.vwf.vt
quartus_eda --functional=on --flatten_buses=off --simulation=on --tool=modelsim_oem --format=verilog --output_directory=C:/Users/94718/Desktop/FPGA_EDA_one/simulation/qsim/ my_first_fpga -c my_first_fpga
quartus_eda --gen_testbench --check_outputs=on --tool=modelsim_oem --format=verilog my_first_fpga -c my_first_fpga --vector_source=C:/Users/94718/Desktop/FPGA_EDA_one/Waveform1.vwf --testbench_file=C:/Users/94718/Desktop/FPGA_EDA_one/simulation/qsim/Waveform1.vwf.vt
quartus_eda --functional=on --flatten_buses=off --simulation=on --tool=modelsim_oem --format=verilog --output_directory=C:/Users/94718/Desktop/FPGA_EDA_one/simulation/qsim/ my_first_fpga -c my_first_fpga
quartus_eda --gen_testbench --check_outputs=on --tool=modelsim_oem --format=verilog my_first_fpga -c my_first_fpga --vector_source=C:/Users/94718/Desktop/FPGA_EDA_one/Waveform1.vwf --testbench_file=C:/Users/94718/Desktop/FPGA_EDA_one/simulation/qsim/Waveform1.vwf.vt
quartus_eda --functional=off --flatten_buses=off --timescale=1ps --simulation=on --tool=modelsim_oem --format=verilog --output_directory=C:/Users/94718/Desktop/FPGA_EDA_one/simulation/qsim/ my_first_fpga -c my_first_fpga
quartus_eda --gen_testbench --check_outputs=on --tool=modelsim_oem --format=verilog my_first_fpga -c my_first_fpga --vector_source=C:/Users/94718/Desktop/FPGA_EDA_one/Waveform1.vwf --testbench_file=C:/Users/94718/Desktop/FPGA_EDA_one/simulation/modelsim/Waveform1.vwf.vt
quartus_eda --gen_testbench --check_outputs=on --tool=modelsim_oem --format=verilog my_first_fpga -c my_first_fpga --vector_source=C:/Users/94718/Desktop/FPGA_EDA_one/Waveform1.vwf --testbench_file=C:/Users/94718/Desktop/FPGA_EDA_one/simulation/qsim/Waveform1.vwf.vt
quartus_eda --functional=on --flatten_buses=off --simulation=on --tool=modelsim_oem --format=verilog --output_directory=C:/Users/94718/Desktop/FPGA_EDA_one/simulation/qsim/ my_first_fpga -c my_first_fpga
quartus_eda --gen_testbench --check_outputs=on --tool=modelsim_oem --format=verilog my_first_fpga -c my_first_fpga --vector_source=C:/Users/94718/Desktop/FPGA_EDA_one/Waveform1.vwf --testbench_file=C:/Users/94718/Desktop/FPGA_EDA_one/simulation/qsim/Waveform1.vwf.vt
quartus_eda --functional=on --flatten_buses=off --simulation=on --tool=modelsim_oem --format=verilog --output_directory=C:/Users/94718/Desktop/FPGA_EDA_one/simulation/qsim/ my_first_fpga -c my_first_fpga
quartus_eda --gen_testbench --check_outputs=on --tool=modelsim_oem --format=verilog my_first_fpga -c my_first_fpga --vector_source=C:/Users/94718/Desktop/FPGA_EDA_one/Waveform1.vwf --testbench_file=C:/Users/94718/Desktop/FPGA_EDA_one/simulation/qsim/Waveform1.vwf.vt
quartus_eda --functional=on --flatten_buses=off --simulation=on --tool=modelsim_oem --format=verilog --output_directory=C:/Users/94718/Desktop/FPGA_EDA_one/simulation/qsim/ my_first_fpga -c my_first_fpga
quartus_eda --gen_testbench --check_outputs=on --tool=modelsim_oem --format=verilog my_first_fpga -c my_first_fpga --vector_source=C:/Users/94718/Desktop/FPGA_EDA_one/Waveform1.vwf --testbench_file=C:/Users/94718/Desktop/FPGA_EDA_one/simulation/qsim/Waveform1.vwf.vt
quartus_eda --functional=on --flatten_buses=off --simulation=on --tool=modelsim_oem --format=verilog --output_directory=C:/Users/94718/Desktop/FPGA_EDA_one/simulation/qsim/ my_first_fpga -c my_first_fpga



